\BOOKMARK [1][-]{section.1}{\376\377\000I\000n\000t\000r\000o\000d\000u\000c\000t\000i\000o\000n}{}% 1
\BOOKMARK [1][-]{section.2}{\376\377\000E\000x\000p\000e\000r\000i\000m\000e\000n\000t\000a\000l}{}% 2
\BOOKMARK [2][-]{subsection.2.1}{\376\377\000M\000a\000t\000e\000r\000i\000a\000l\000\040\000a\000n\000d\000\040\000M\000e\000t\000h\000o\000d\000s}{section.2}% 3
\BOOKMARK [3][-]{subsubsection.2.1.1}{\376\377\000I\000n\000s\000e\000c\000t\000\040\000p\000r\000e\000p\000a\000r\000a\000t\000i\000o\000n}{subsection.2.1}% 4
\BOOKMARK [3][-]{subsubsection.2.1.2}{\376\377\000S\000u\000b\000s\000t\000r\000a\000t\000e\000\040\000p\000r\000e\000p\000a\000r\000a\000t\000i\000o\000n}{subsection.2.1}% 5
\BOOKMARK [3][-]{subsubsection.2.1.3}{\376\377\000A\000d\000h\000e\000s\000i\000o\000n\000\040\000t\000e\000s\000t}{subsection.2.1}% 6
\BOOKMARK [3][-]{subsubsection.2.1.4}{\376\377\000F\000i\000e\000l\000d\000\040\000d\000e\000s\000o\000r\000p\000t\000i\000o\000n\000\040\000m\000a\000s\000s\000\040\000s\000p\000e\000c\000t\000r\000o\000s\000c\000o\000p\000y}{subsection.2.1}% 7
\BOOKMARK [3][-]{subsubsection.2.1.5}{\376\377\000D\000a\000t\000a\000\040\000a\000n\000a\000l\000y\000s\000i\000s}{subsection.2.1}% 8
\BOOKMARK [2][-]{subsection.2.2}{\376\377\000R\000e\000s\000u\000l\000t\000s}{section.2}% 9
\BOOKMARK [3][-]{subsubsection.2.2.1}{\376\377\000A\000d\000h\000e\000s\000i\000o\000n\000\040\000m\000e\000a\000s\000u\000r\000e\000m\000e\000n\000t\000s}{subsection.2.2}% 10
\BOOKMARK [3][-]{subsubsection.2.2.2}{\376\377\000F\000i\000e\000l\000d\000\040\000d\000e\000s\000o\000r\000p\000t\000i\000o\000n\000\040\000m\000a\000s\000s\000\040\000s\000p\000e\000c\000t\000r\000o\000s\000c\000o\000p\000y}{subsection.2.2}% 11
\BOOKMARK [1][-]{section.3}{\376\377\000T\000h\000e\000o\000r\000y}{}% 12
\BOOKMARK [2][-]{subsection.3.1}{\376\377\000C\000a\000p\000i\000l\000l\000a\000r\000y\000\040\000B\000r\000i\000d\000g\000e\000\040\000M\000o\000d\000e\000l}{section.3}% 13
\BOOKMARK [2][-]{subsection.3.2}{\376\377\000C\000a\000p\000i\000l\000l\000a\000r\000y\000\040\000f\000o\000r\000c\000e\000\040\000o\000f\000\040\000a\000\040\000p\000i\000n\000n\000e\000d\000\040\000l\000i\000q\000u\000i\000d\000\040\000b\000r\000i\000d\000g\000e}{section.3}% 14
\BOOKMARK [2][-]{subsection.3.3}{\376\377\000E\000f\000f\000e\000c\000t\000\040\000o\000f\000\040\000t\000h\000e\000\040\000s\000u\000b\000s\000t\000r\000a\000t\000e}{section.3}% 15
\BOOKMARK [2][-]{subsection.3.4}{\376\377\000E\000f\000f\000e\000c\000t\000\040\000o\000f\000\040\000b\000u\000b\000b\000l\000e\000\040\000v\000o\000l\000u\000m\000e}{section.3}% 16
\BOOKMARK [2][-]{subsection.3.5}{\376\377\000E\000f\000f\000e\000c\000t\000\040\000o\000f\000\040\000h\000a\000i\000r\000\040\000d\000i\000a\000m\000e\000t\000e\000r\000\040}{section.3}% 17
\BOOKMARK [1][-]{section.4}{\376\377\000D\000i\000s\000c\000u\000s\000s\000i\000o\000n}{}% 18
\BOOKMARK [1][-]{section.5}{\376\377\000C\000o\000n\000c\000l\000u\000s\000i\000o\000n\000s}{}% 19
\BOOKMARK [1][-]{section.6}{\376\377\000A\000c\000k\000n\000o\000w\000l\000e\000d\000g\000e\000m\000e\000n\000t}{}% 20
\BOOKMARK [1][-]{appendix.A}{\376\377\000A\000p\000p\000e\000n\000d\000i\000x}{}% 21
\BOOKMARK [2][-]{subsection.A.1}{\376\377\000S\000i\000m\000u\000l\000a\000t\000i\000o\000n\000\040\000m\000e\000t\000h\000o\000d\000:\000\040\000S\000i\000n\000g\000l\000e\000\040\000c\000a\000p\000i\000l\000l\000a\000r\000y\000\040\000b\000r\000i\000d\000g\000e\000\040}{appendix.A}% 22
\BOOKMARK [2][-]{subsection.A.2}{\376\377\000S\000i\000n\000g\000l\000e\000\040\000c\000a\000p\000i\000l\000l\000a\000r\000y\000\040\000b\000r\000i\000d\000g\000e\000:\000\040\000E\000f\000f\000e\000c\000t\000\040\000o\000f\000\040\000v\000o\000l\000u\000m\000e}{appendix.A}% 23
\BOOKMARK [2][-]{subsection.A.3}{\376\377\000C\000a\000p\000i\000l\000l\000a\000r\000y\000\040\000B\000r\000i\000d\000g\000e\000\040\000M\000o\000d\000e\000l\000:\000\040\000E\000f\000f\000e\000c\000t\000\040\000o\000f\000\040\000h\000a\000i\000r\000\040\000d\000i\000a\000m\000e\000t\000e\000r\000\040\000a\000t\000\040\000c\000o\000n\000s\000t\000a\000n\000t\000\040\000f\000l\000u\000i\000d\000\040\000v\000o\000l\000u\000m\000e}{appendix.A}% 24
\BOOKMARK [2][-]{subsection.A.4}{\376\377\000S\000t\000a\000t\000i\000s\000t\000i\000c\000a\000l\000\040\000c\000o\000m\000p\000a\000r\000i\000s\000o\000n}{appendix.A}% 25
\BOOKMARK [2][-]{subsection.A.5}{\376\377\000C\000a\000p\000i\000l\000l\000a\000r\000y\000\040\000f\000o\000r\000c\000e\000\040\000d\000u\000e\000\040\000t\000o\000\040\000a\000\040\000b\000u\000b\000b\000l\000e}{appendix.A}% 26
