This is pdfTeX, Version 3.14159265-2.6-1.40.20 (TeX Live 2019/W32TeX) (preloaded format=pdflatex 2020.6.9)  16 SEP 2021 13:39
entering extended mode
 restricted \write18 enabled.
 %&-line parsing enabled.
**manuscript_changed.tex
(./manuscript_changed.tex
LaTeX2e <2018-12-01>
(./COB.cls
Document Class: COB 2015/01/09 (C) 2015 Techset Composition Pvt. Ltd.


(c:/texlive/2019/texmf-dist/tex/latex/base/fontenc.sty
Package: fontenc 2018/08/11 v2.0j Standard LaTeX package

(c:/texlive/2019/texmf-dist/tex/latex/base/t1enc.def
File: t1enc.def 2018/08/11 v2.0j Standard LaTeX file
LaTeX Font Info:    Redeclaring font encoding T1 on input line 48.
))
(c:/texlive/2019/texmf-dist/tex/latex/soul/soul.sty
Package: soul 2003/11/17 v2.4 letterspacing/underlining (mf)
\SOUL@word=\toks14
\SOUL@lasttoken=\toks15
\SOUL@cmds=\toks16
\SOUL@buffer=\toks17
\SOUL@token=\toks18
\SOUL@spaceskip=\skip41
\SOUL@ttwidth=\dimen102
\SOUL@uldp=\dimen103
\SOUL@ulht=\dimen104
)
(c:/texlive/2019/texmf-dist/tex/latex/crop/crop.sty
Package: crop 2003/05/20 v1.9 crop marks (mf)
\stockwidth=\dimen105
\stockheight=\dimen106
\CROP@index=\count80

(c:/texlive/2019/texmf-dist/tex/latex/graphics/color.sty
Package: color 2016/07/10 v1.1e Standard LaTeX Color (DPC)

(c:/texlive/2019/texmf-dist/tex/latex/graphics-cfg/color.cfg
File: color.cfg 2016/01/02 v1.6 sample color configuration
)
Package color Info: Driver file: pdftex.def on input line 147.

(c:/texlive/2019/texmf-dist/tex/latex/graphics-def/pdftex.def
File: pdftex.def 2018/01/08 v1.0l Graphics/color driver for pdftex
))
(c:/texlive/2019/texmf-dist/tex/latex/graphics/graphics.sty
Package: graphics 2017/06/25 v1.2c Standard LaTeX Graphics (DPC,SPQR)

(c:/texlive/2019/texmf-dist/tex/latex/graphics/trig.sty
Package: trig 2016/01/03 v1.10 sin cos tan (DPC)
)
(c:/texlive/2019/texmf-dist/tex/latex/graphics-cfg/graphics.cfg
File: graphics.cfg 2016/06/04 v1.11 sample graphics configuration
)
Package graphics Info: Driver file: pdftex.def on input line 99.
)
\CROP@offset=\count81
Package crop Info: Local config file crop.cfg used on input line 605.

(c:/texlive/2019/texmf-dist/tex/xelatex/xetexconfig/crop.cfg))
(c:/texlive/2019/texmf-dist/tex/latex/graphics/graphicx.sty
Package: graphicx 2017/06/01 v1.1a Enhanced LaTeX Graphics (DPC,SPQR)

(c:/texlive/2019/texmf-dist/tex/latex/graphics/keyval.sty
Package: keyval 2014/10/28 v1.15 key=value parser (DPC)
\KV@toks@=\toks19
)
\Gin@req@height=\dimen107
\Gin@req@width=\dimen108
)
(c:/texlive/2019/texmf-dist/tex/latex/tools/array.sty
Package: array 2018/12/30 v2.4k Tabular extension package (FMi)
\col@sep=\dimen109
\ar@mcellbox=\box27
\extrarowheight=\dimen110
\NC@list=\toks20
\extratabsurround=\skip42
\backup@length=\skip43
\ar@cellbox=\box28
)
(c:/texlive/2019/texmf-dist/tex/latex/amsmath/amsmath.sty
Package: amsmath 2018/12/01 v2.17b AMS math features
\@mathmargin=\skip44

For additional information on amsmath, use the `?' option.
(c:/texlive/2019/texmf-dist/tex/latex/amsmath/amstext.sty
Package: amstext 2000/06/29 v2.01 AMS text

(c:/texlive/2019/texmf-dist/tex/latex/amsmath/amsgen.sty
File: amsgen.sty 1999/11/30 v2.0 generic functions
\@emptytoks=\toks21
\ex@=\dimen111
))
(c:/texlive/2019/texmf-dist/tex/latex/amsmath/amsbsy.sty
Package: amsbsy 1999/11/29 v1.2d Bold Symbols
\pmbraise@=\dimen112
)
(c:/texlive/2019/texmf-dist/tex/latex/amsmath/amsopn.sty
Package: amsopn 2016/03/08 v2.02 operator names
)
\inf@bad=\count82
LaTeX Info: Redefining \frac on input line 223.
\uproot@=\count83
\leftroot@=\count84
LaTeX Info: Redefining \overline on input line 385.
\classnum@=\count85
\DOTSCASE@=\count86
LaTeX Info: Redefining \ldots on input line 482.
LaTeX Info: Redefining \dots on input line 485.
LaTeX Info: Redefining \cdots on input line 606.
\Mathstrutbox@=\box29
\strutbox@=\box30
\big@size=\dimen113
LaTeX Font Info:    Redeclaring font encoding OML on input line 729.
LaTeX Font Info:    Redeclaring font encoding OMS on input line 730.
\macc@depth=\count87
\c@MaxMatrixCols=\count88
\dotsspace@=\muskip10
\c@parentequation=\count89
\dspbrk@lvl=\count90
\tag@help=\toks22
\row@=\count91
\column@=\count92
\maxfields@=\count93
\andhelp@=\toks23
\eqnshift@=\dimen114
\alignsep@=\dimen115
\tagshift@=\dimen116
\tagwidth@=\dimen117
\totwidth@=\dimen118
\lineht@=\dimen119
\@envbody=\toks24
\multlinegap=\skip45
\multlinetaggap=\skip46
\mathdisplay@stack=\toks25
LaTeX Info: Redefining \[ on input line 2844.
LaTeX Info: Redefining \] on input line 2845.
)
(c:/texlive/2019/texmf-dist/tex/latex/amscls/amsthm.sty
Package: amsthm 2017/10/31 v2.20.4
\thm@style=\toks26
\thm@bodyfont=\toks27
\thm@headfont=\toks28
\thm@notefont=\toks29
\thm@headpunct=\toks30
\thm@preskip=\skip47
\thm@postskip=\skip48
\thm@headsep=\skip49
\dth@everypar=\toks31
)
(c:/texlive/2019/texmf-dist/tex/latex/amsfonts/amssymb.sty
Package: amssymb 2013/01/14 v3.01 AMS font symbols

(c:/texlive/2019/texmf-dist/tex/latex/amsfonts/amsfonts.sty
Package: amsfonts 2013/01/14 v3.01 Basic AMSFonts support
\symAMSa=\mathgroup4
\symAMSb=\mathgroup5
LaTeX Font Info:    Overwriting math alphabet `\mathfrak' in version `bold'
(Font)                  U/euf/m/n --> U/euf/b/n on input line 106.
))
(c:/texlive/2019/texmf-dist/tex/latex/endnotes/endnotes.sty
\c@endnote=\count94
\endnotesep=\dimen120
\@enotes=\write3
)
(c:/texlive/2019/texmf-dist/tex/latex/amscls/upref.sty
Package: upref 2007/03/14 v2.04
)
(c:/texlive/2019/texmf-dist/tex/latex/was/upgreek.sty
Package: upgreek 2003/02/12 v2.0 (WaS)
Package upgreek Info: Using Euler Roman for upright Greek on input line 31.
\symugrf@m=\mathgroup6
LaTeX Font Info:    Overwriting symbol font `ugrf@m' in version `bold'
(Font)                  U/eur/m/n --> U/eur/b/n on input line 38.
)
(c:/texlive/2019/texmf-dist/tex/latex/sttools/stfloats.sty
Package: stfloats 2017/03/27 v3.3 Improve float mechanism and baselineskip sett
ings
\@dblbotnum=\count95
\c@dblbotnumber=\count96
) (./vruler-cob.sty
2.3 <24/10/96>
    VRULER version 2.3 Octorber 1996 By Z Jiang
    University of New England, Australia
    Email: zhuhan@neumann.une.edu.au
) (c:/texlive/2019/texmf-dist/tex/latex/psnfss/times.sty
Package: times 2005/04/12 PSNFSS-v9.2a (SPQR) 
)
(c:/texlive/2019/texmf-dist/tex/latex/graphics/rotating.sty
Package: rotating 2016/08/11 v2.16d rotated objects in LaTeX

(c:/texlive/2019/texmf-dist/tex/latex/base/ifthen.sty
Package: ifthen 2014/09/29 v1.1c Standard LaTeX ifthen package (DPC)
)
\c@r@tfl@t=\count107
\rotFPtop=\skip50
\rotFPbot=\skip51
\rot@float@box=\box37
\rot@mess@toks=\toks49
)

LaTeX Font Warning: Font shape `T1/cmr/m/n' in size <9.5> not available
(Font)              size <9> substituted on input line 115.

\c@part=\count108
\c@section=\count109
\c@subsection=\count110
\c@subsubsection=\count111
\c@paragraph=\count112
\c@subparagraph=\count113
\c@asection=\count114
\c@refsection=\count115
\c@appsection=\count116
\c@appsubsection=\count117
\c@figure=\count118
\c@scheme=\count119
\c@table=\count120
(c:/texlive/2019/texmf-dist/tex/latex/lastpage/lastpage.sty
Package: lastpage 2015/03/29 v1.2m Refers to last page's name (HMM; JPG)
)
\rotdimen=\dimen126
\abovecaptionskip=\skip52
\belowcaptionskip=\skip53
\figurecaptionbox=\box38
\schemecaptionbox=\box39
\tablecaptionbox=\box40
\tempdime=\dimen127
\temptbox=\box41
\abovefigskip=\skip54
\belowfigskip=\skip55
\cmskipamount=\skip56
\c@savesecnumdepth=\count121

(c:/texlive/2019/texmf-dist/tex/latex/natbib/natbib.sty
Package: natbib 2010/09/13 8.31b (PWD, AO)
\bibhang=\skip57
\bibsep=\skip58
LaTeX Info: Redefining \cite on input line 694.
\c@NAT@ctr=\count122
)
\normskip=\skip59
\mscount=\count123
\p@renwd=\dimen128
\bmskip=\dimen129

(c:/texlive/2019/texmf-dist/tex/latex/base/textcomp.sty
Package: textcomp 2018/08/11 v2.0j Standard LaTeX package
Package textcomp Info: Sub-encoding information:
(textcomp)               5 = only ISO-Adobe without \textcurrency
(textcomp)               4 = 5 + \texteuro
(textcomp)               3 = 4 + \textohm
(textcomp)               2 = 3 + \textestimated + \textcurrency
(textcomp)               1 = TS1 - \textcircled - \t
(textcomp)               0 = TS1 (full)
(textcomp)             Font families with sub-encoding setting implement
(textcomp)             only a restricted character set as indicated.
(textcomp)             Family '?' is the default used for unknown fonts.
(textcomp)             See the documentation for details.
Package textcomp Info: Setting ? sub-encoding to TS1/1 on input line 79.

(c:/texlive/2019/texmf-dist/tex/latex/base/ts1enc.def
File: ts1enc.def 2001/06/05 v3.0e (jk/car/fm) Standard LaTeX file
Now handling font encoding TS1 ...
... processing UTF-8 mapping file for font encoding TS1

(c:/texlive/2019/texmf-dist/tex/latex/base/ts1enc.dfu
File: ts1enc.dfu 2018/10/05 v1.2f UTF-8 support for inputenc
   defining Unicode char U+00A2 (decimal 162)
   defining Unicode char U+00A3 (decimal 163)
   defining Unicode char U+00A4 (decimal 164)
   defining Unicode char U+00A5 (decimal 165)
   defining Unicode char U+00A6 (decimal 166)
   defining Unicode char U+00A7 (decimal 167)
   defining Unicode char U+00A8 (decimal 168)
   defining Unicode char U+00A9 (decimal 169)
   defining Unicode char U+00AA (decimal 170)
   defining Unicode char U+00AC (decimal 172)
   defining Unicode char U+00AE (decimal 174)
   defining Unicode char U+00AF (decimal 175)
   defining Unicode char U+00B0 (decimal 176)
   defining Unicode char U+00B1 (decimal 177)
   defining Unicode char U+00B2 (decimal 178)
   defining Unicode char U+00B3 (decimal 179)
   defining Unicode char U+00B4 (decimal 180)
   defining Unicode char U+00B5 (decimal 181)
   defining Unicode char U+00B6 (decimal 182)
   defining Unicode char U+00B7 (decimal 183)
   defining Unicode char U+00B9 (decimal 185)
   defining Unicode char U+00BA (decimal 186)
   defining Unicode char U+00BC (decimal 188)
   defining Unicode char U+00BD (decimal 189)
   defining Unicode char U+00BE (decimal 190)
   defining Unicode char U+00D7 (decimal 215)
   defining Unicode char U+00F7 (decimal 247)
   defining Unicode char U+0192 (decimal 402)
   defining Unicode char U+02C7 (decimal 711)
   defining Unicode char U+02D8 (decimal 728)
   defining Unicode char U+02DD (decimal 733)
   defining Unicode char U+0E3F (decimal 3647)
   defining Unicode char U+2016 (decimal 8214)
   defining Unicode char U+2020 (decimal 8224)
   defining Unicode char U+2021 (decimal 8225)
   defining Unicode char U+2022 (decimal 8226)
   defining Unicode char U+2030 (decimal 8240)
   defining Unicode char U+2031 (decimal 8241)
   defining Unicode char U+203B (decimal 8251)
   defining Unicode char U+203D (decimal 8253)
   defining Unicode char U+2044 (decimal 8260)
   defining Unicode char U+204E (decimal 8270)
   defining Unicode char U+2052 (decimal 8274)
   defining Unicode char U+20A1 (decimal 8353)
   defining Unicode char U+20A4 (decimal 8356)
   defining Unicode char U+20A6 (decimal 8358)
   defining Unicode char U+20A9 (decimal 8361)
   defining Unicode char U+20AB (decimal 8363)
   defining Unicode char U+20AC (decimal 8364)
   defining Unicode char U+20B1 (decimal 8369)
   defining Unicode char U+2103 (decimal 8451)
   defining Unicode char U+2116 (decimal 8470)
   defining Unicode char U+2117 (decimal 8471)
   defining Unicode char U+211E (decimal 8478)
   defining Unicode char U+2120 (decimal 8480)
   defining Unicode char U+2122 (decimal 8482)
   defining Unicode char U+2126 (decimal 8486)
   defining Unicode char U+2127 (decimal 8487)
   defining Unicode char U+212E (decimal 8494)
   defining Unicode char U+2190 (decimal 8592)
   defining Unicode char U+2191 (decimal 8593)
   defining Unicode char U+2192 (decimal 8594)
   defining Unicode char U+2193 (decimal 8595)
   defining Unicode char U+2329 (decimal 9001)
   defining Unicode char U+232A (decimal 9002)
   defining Unicode char U+2422 (decimal 9250)
   defining Unicode char U+25E6 (decimal 9702)
   defining Unicode char U+25EF (decimal 9711)
   defining Unicode char U+266A (decimal 9834)
   defining Unicode char U+FEFF (decimal 65279)
))
LaTeX Info: Redefining \oldstylenums on input line 334.
Package textcomp Info: Setting cmr sub-encoding to TS1/0 on input line 349.
Package textcomp Info: Setting cmss sub-encoding to TS1/0 on input line 350.
Package textcomp Info: Setting cmtt sub-encoding to TS1/0 on input line 351.
Package textcomp Info: Setting cmvtt sub-encoding to TS1/0 on input line 352.
Package textcomp Info: Setting cmbr sub-encoding to TS1/0 on input line 353.
Package textcomp Info: Setting cmtl sub-encoding to TS1/0 on input line 354.
Package textcomp Info: Setting ccr sub-encoding to TS1/0 on input line 355.
Package textcomp Info: Setting ptm sub-encoding to TS1/4 on input line 356.
Package textcomp Info: Setting pcr sub-encoding to TS1/4 on input line 357.
Package textcomp Info: Setting phv sub-encoding to TS1/4 on input line 358.
Package textcomp Info: Setting ppl sub-encoding to TS1/3 on input line 359.
Package textcomp Info: Setting pag sub-encoding to TS1/4 on input line 360.
Package textcomp Info: Setting pbk sub-encoding to TS1/4 on input line 361.
Package textcomp Info: Setting pnc sub-encoding to TS1/4 on input line 362.
Package textcomp Info: Setting pzc sub-encoding to TS1/4 on input line 363.
Package textcomp Info: Setting bch sub-encoding to TS1/4 on input line 364.
Package textcomp Info: Setting put sub-encoding to TS1/5 on input line 365.
Package textcomp Info: Setting uag sub-encoding to TS1/5 on input line 366.
Package textcomp Info: Setting ugq sub-encoding to TS1/5 on input line 367.
Package textcomp Info: Setting ul8 sub-encoding to TS1/4 on input line 368.
Package textcomp Info: Setting ul9 sub-encoding to TS1/4 on input line 369.
Package textcomp Info: Setting augie sub-encoding to TS1/5 on input line 370.
Package textcomp Info: Setting dayrom sub-encoding to TS1/3 on input line 371.
Package textcomp Info: Setting dayroms sub-encoding to TS1/3 on input line 372.

Package textcomp Info: Setting pxr sub-encoding to TS1/0 on input line 373.
Package textcomp Info: Setting pxss sub-encoding to TS1/0 on input line 374.
Package textcomp Info: Setting pxtt sub-encoding to TS1/0 on input line 375.
Package textcomp Info: Setting txr sub-encoding to TS1/0 on input line 376.
Package textcomp Info: Setting txss sub-encoding to TS1/0 on input line 377.
Package textcomp Info: Setting txtt sub-encoding to TS1/0 on input line 378.
Package textcomp Info: Setting lmr sub-encoding to TS1/0 on input line 379.
Package textcomp Info: Setting lmdh sub-encoding to TS1/0 on input line 380.
Package textcomp Info: Setting lmss sub-encoding to TS1/0 on input line 381.
Package textcomp Info: Setting lmssq sub-encoding to TS1/0 on input line 382.
Package textcomp Info: Setting lmvtt sub-encoding to TS1/0 on input line 383.
Package textcomp Info: Setting lmtt sub-encoding to TS1/0 on input line 384.
Package textcomp Info: Setting qhv sub-encoding to TS1/0 on input line 385.
Package textcomp Info: Setting qag sub-encoding to TS1/0 on input line 386.
Package textcomp Info: Setting qbk sub-encoding to TS1/0 on input line 387.
Package textcomp Info: Setting qcr sub-encoding to TS1/0 on input line 388.
Package textcomp Info: Setting qcs sub-encoding to TS1/0 on input line 389.
Package textcomp Info: Setting qpl sub-encoding to TS1/0 on input line 390.
Package textcomp Info: Setting qtm sub-encoding to TS1/0 on input line 391.
Package textcomp Info: Setting qzc sub-encoding to TS1/0 on input line 392.
Package textcomp Info: Setting qhvc sub-encoding to TS1/0 on input line 393.
Package textcomp Info: Setting futs sub-encoding to TS1/4 on input line 394.
Package textcomp Info: Setting futx sub-encoding to TS1/4 on input line 395.
Package textcomp Info: Setting futj sub-encoding to TS1/4 on input line 396.
Package textcomp Info: Setting hlh sub-encoding to TS1/3 on input line 397.
Package textcomp Info: Setting hls sub-encoding to TS1/3 on input line 398.
Package textcomp Info: Setting hlst sub-encoding to TS1/3 on input line 399.
Package textcomp Info: Setting hlct sub-encoding to TS1/5 on input line 400.
Package textcomp Info: Setting hlx sub-encoding to TS1/5 on input line 401.
Package textcomp Info: Setting hlce sub-encoding to TS1/5 on input line 402.
Package textcomp Info: Setting hlcn sub-encoding to TS1/5 on input line 403.
Package textcomp Info: Setting hlcw sub-encoding to TS1/5 on input line 404.
Package textcomp Info: Setting hlcf sub-encoding to TS1/5 on input line 405.
Package textcomp Info: Setting pplx sub-encoding to TS1/3 on input line 406.
Package textcomp Info: Setting pplj sub-encoding to TS1/3 on input line 407.
Package textcomp Info: Setting ptmx sub-encoding to TS1/4 on input line 408.
Package textcomp Info: Setting ptmj sub-encoding to TS1/4 on input line 409.
)
(c:/texlive/2019/texmf-dist/tex/latex/footmisc/footmisc.sty
Package: footmisc 2011/06/06 v5.5b a miscellany of footnote facilities
\FN@temptoken=\toks50
\footnotemargin=\dimen130
\c@pp@next@reset=\count124
Package footmisc Info: Declaring symbol style bringhurst on input line 855.
Package footmisc Info: Declaring symbol style chicago on input line 863.
Package footmisc Info: Declaring symbol style wiley on input line 872.
Package footmisc Info: Declaring symbol style lamport-robust on input line 883.

Package footmisc Info: Declaring symbol style lamport* on input line 903.
Package footmisc Info: Declaring symbol style lamport*-robust on input line 924
.
)
(c:/texlive/2019/texmf-dist/tex/latex/marginnote/marginnote.sty
Package: marginnote 2018/08/09 v1.4b non floating margin notes for LaTeX
\c@mn@abspage=\count125
)
Package color Info: Redefining color mag on input line 1440.

(c:/texlive/2019/texmf-dist/tex/latex/url/url.sty
\Urlmuskip=\muskip11
Package: url 2013/09/16  ver 3.4  Verb mode for urls, etc.
)
(c:/texlive/2019/texmf-dist/tex/latex/subfig/subfig.sty
Package: subfig 2005/06/28 ver: 1.3 subfig package

(c:/texlive/2019/texmf-dist/tex/latex/caption/caption.sty
Package: caption 2018/10/06 v3.3-154 Customizing captions (AR)

(c:/texlive/2019/texmf-dist/tex/latex/caption/caption3.sty
Package: caption3 2018/09/12 v1.8c caption3 kernel (AR)
Package caption3 Info: TeX engine: e-TeX on input line 64.
\captionmargin=\dimen131
\captionmargin@=\dimen132
\captionwidth=\dimen133
\caption@tempdima=\dimen134
\caption@indent=\dimen135
\caption@parindent=\dimen136
\caption@hangindent=\dimen137
Package caption Info: Unknown document class (or package),
(caption)             standard defaults will be used.
)

Package caption Warning: Unsupported document class (or package) detected,
(caption)                usage of the caption package is not recommended.
See the caption package documentation for explanation.

Package caption Info: \@makecaption = \long macro:#1#2->\vspace {\abovecaptions
kip }\par \setbox \figurecaptionbox =\hbox {\fontfamily {\sfdefault }\fontsize 
{7.5}{9}\selectfont {\bfseries #1}\enskip {#2}}\ifdim \wd \figurecaptionbox <\h
size \centerline {\box \figurecaptionbox } \else \fontfamily {\sfdefault }\font
size {7.5}{9}\selectfont \unhbox \figurecaptionbox \par \fi .
\c@caption@flags=\count126
\c@ContinuedFloat=\count127
Package caption Info: rotating package is loaded.
)
\c@KVtest=\count128
\sf@farskip=\skip60
\sf@captopadj=\dimen138
\sf@capskip=\skip61
\sf@nearskip=\skip62
\c@subfigure=\count129
\c@subfigure@save=\count130
\c@lofdepth=\count131
\c@subtable=\count132
\c@subtable@save=\count133
\c@lotdepth=\count134
\sf@top=\skip63
\sf@bottom=\skip64
)
\figurecaptionbox=\box42
) (./widetext-TI.sty

LaTeX Warning: You have requested package `widetext-TI',
               but the package provides `widetext'.

Package: widetext 
(c:/texlive/2019/texmf-dist/tex/latex/sttools/flushend.sty
Package: flushend 2017/03/27 v3.3 Balancing columns in twocolumn mode
\flushend@@lastskip@a=\skip65
\flushend@@lastskip@b=\skip66
\flushend@@lastskip@c=\skip67
\flushend@@penalty@a=\count135
\flushend@@lastkern@a=\dimen139
\var@@temp@spread=\dimen140
\var@@temp@a=\dimen141
\flushend@@page@rule=\dimen142
\flushend@@varbox@a=\box43
\flushend@@varbox@c=\box44
\flushend@@tempbox@a=\box45
\flushend@@tempbox@c=\box46
\@viper=\box47
\hold@viper=\box48
\atColsBreak=\toks51
\atColsEnd=\toks52

(c:/texlive/2019/texmf-dist/tex/latex/etoolbox/etoolbox.sty
Package: etoolbox 2018/08/19 v2.5f e-TeX tools for LaTeX (JAW)
\etb@tempcnta=\count136
))
(c:/texlive/2019/texmf-dist/tex/latex/sttools/cuted.sty
Package: cuted 2012/10/04 v1.5 Mixing onecolumn and twocolumn modes
\At@ViperColsBreak=\toks53
\v@aaa=\box49
\v@ccc=\box50
\lastskip@a=\skip68
\lastskip@b=\skip69
\lastskip@d=\skip70
\lastbox@a=\box51
\stripsep=\skip71
\viper@penalty=\count137
\ht@viper=\dimen143
)
\@parindent=\skip72
)
(c:/texlive/2019/texmf-dist/tex/latex/multirow/multirow.sty
Package: multirow 2019/01/01 v2.4 Span multiple rows of a table
\multirow@colwidth=\skip73
\multirow@cntb=\count138
\multirow@dima=\skip74
\bigstrutjot=\dimen144
)
(c:/texlive/2019/texmf-dist/tex/generic/ulem/ulem.sty
\UL@box=\box52
\UL@hyphenbox=\box53
\UL@skip=\skip75
\UL@hook=\toks54
\UL@height=\dimen145
\UL@pe=\count139
\UL@pixel=\dimen146
\ULC@box=\box54
Package: ulem 2012/05/18
\ULdepth=\dimen147
)
(c:/texlive/2019/texmf-dist/tex/latex/listings/listings.sty
\lst@mode=\count140
\lst@gtempboxa=\box55
\lst@token=\toks55
\lst@length=\count141
\lst@currlwidth=\dimen148
\lst@column=\count142
\lst@pos=\count143
\lst@lostspace=\dimen149
\lst@width=\dimen150
\lst@newlines=\count144
\lst@lineno=\count145
\lst@maxwidth=\dimen151

(c:/texlive/2019/texmf-dist/tex/latex/listings/lstmisc.sty
File: lstmisc.sty 2019/02/27 1.8b (Carsten Heinz)
\c@lstnumber=\count146
\lst@skipnumbers=\count147
\lst@framebox=\box56
)
(c:/texlive/2019/texmf-dist/tex/latex/listings/listings.cfg
File: listings.cfg 2019/02/27 1.8b listings configuration
))
Package: listings 2019/02/27 1.8b (Carsten Heinz)

(./manuscript_changed.aux)
\openout1 = `manuscript_changed.aux'.

LaTeX Font Info:    Checking defaults for OML/cmm/m/it on input line 89.
LaTeX Font Info:    ... okay on input line 89.
LaTeX Font Info:    Checking defaults for T1/cmr/m/n on input line 89.
LaTeX Font Info:    ... okay on input line 89.
LaTeX Font Info:    Checking defaults for OT1/cmr/m/n on input line 89.
LaTeX Font Info:    ... okay on input line 89.
LaTeX Font Info:    Checking defaults for OMS/cmsy/m/n on input line 89.
LaTeX Font Info:    ... okay on input line 89.
LaTeX Font Info:    Checking defaults for OMX/cmex/m/n on input line 89.
LaTeX Font Info:    ... okay on input line 89.
LaTeX Font Info:    Checking defaults for U/cmr/m/n on input line 89.
LaTeX Font Info:    ... okay on input line 89.
LaTeX Font Info:    Checking defaults for TS1/cmr/m/n on input line 89.
LaTeX Font Info:    Try loading font information for TS1+cmr on input line 89.
 (c:/texlive/2019/texmf-dist/tex/latex/base/ts1cmr.fd
File: ts1cmr.fd 2014/09/29 v2.5h Standard LaTeX font definitions
)
LaTeX Font Info:    ... okay on input line 89.
LaTeX Font Info:    Try loading font information for T1+ptm on input line 89.
 (c:/texlive/2019/texmf-dist/tex/latex/psnfss/t1ptm.fd
File: t1ptm.fd 2001/06/04 font definitions for T1/ptm.
)
(c:/texlive/2019/texmf-dist/tex/context/base/mkii/supp-pdf.mkii
[Loading MPS to PDF converter (version 2006.09.02).]
\scratchcounter=\count148
\scratchdimen=\dimen152
\scratchbox=\box57
\nofMPsegments=\count149
\nofMParguments=\count150
\everyMPshowfont=\toks56
\MPscratchCnt=\count151
\MPscratchDim=\dimen153
\MPnumerator=\count152
\makeMPintoPDFobject=\count153
\everyMPtoPDFconversion=\toks57
) (c:/texlive/2019/texmf-dist/tex/latex/oberdiek/epstopdf-base.sty
Package: epstopdf-base 2016/05/15 v2.6 Base part for package epstopdf

(c:/texlive/2019/texmf-dist/tex/generic/oberdiek/infwarerr.sty
Package: infwarerr 2016/05/16 v1.4 Providing info/warning/error messages (HO)
)
(c:/texlive/2019/texmf-dist/tex/latex/oberdiek/grfext.sty
Package: grfext 2016/05/16 v1.2 Manage graphics extensions (HO)

(c:/texlive/2019/texmf-dist/tex/generic/oberdiek/kvdefinekeys.sty
Package: kvdefinekeys 2016/05/16 v1.4 Define keys (HO)

(c:/texlive/2019/texmf-dist/tex/generic/oberdiek/ltxcmds.sty
Package: ltxcmds 2016/05/16 v1.23 LaTeX kernel commands for general use (HO)
)))
(c:/texlive/2019/texmf-dist/tex/latex/oberdiek/kvoptions.sty
Package: kvoptions 2016/05/16 v3.12 Key value format for package options (HO)

(c:/texlive/2019/texmf-dist/tex/generic/oberdiek/kvsetkeys.sty
Package: kvsetkeys 2016/05/16 v1.17 Key value parser (HO)

(c:/texlive/2019/texmf-dist/tex/generic/oberdiek/etexcmds.sty
Package: etexcmds 2016/05/16 v1.6 Avoid name clashes with e-TeX commands (HO)

(c:/texlive/2019/texmf-dist/tex/generic/oberdiek/ifluatex.sty
Package: ifluatex 2016/05/16 v1.4 Provides the ifluatex switch (HO)
Package ifluatex Info: LuaTeX not detected.
))))
(c:/texlive/2019/texmf-dist/tex/generic/oberdiek/pdftexcmds.sty
Package: pdftexcmds 2018/09/10 v0.29 Utility functions of pdfTeX for LuaTeX (HO
)

(c:/texlive/2019/texmf-dist/tex/generic/oberdiek/ifpdf.sty
Package: ifpdf 2018/09/07 v3.3 Provides the ifpdf switch
)
Package pdftexcmds Info: LuaTeX not detected.
Package pdftexcmds Info: \pdf@primitive is available.
Package pdftexcmds Info: \pdf@ifprimitive is available.
Package pdftexcmds Info: \pdfdraftmode found.
)
Package epstopdf-base Info: Redefining graphics rule for `.eps' on input line 4
38.
Package grfext Info: Graphics extension search list:
(grfext)             [.pdf,.png,.jpg,.mps,.jpeg,.jbig2,.jb2,.PDF,.PNG,.JPG,.JPE
G,.JBIG2,.JB2,.eps]
(grfext)             \AppendGraphicsExtensions on input line 456.

(c:/texlive/2019/texmf-dist/tex/latex/latexconfig/epstopdf-sys.cfg
File: epstopdf-sys.cfg 2010/07/13 v1.3 Configuration of (r)epstopdf for TeX Liv
e
))
Package crop Info: requested driver: `' on input line 89.
Package crop Info: detected driver: `pdftex' on input line 89.
Package crop Info: using `pdftex' graphics driver on input line 89.
Package lastpage Info: Please have a look at the pageslts package at
(lastpage)             https://www.ctan.org/pkg/pageslts
(lastpage)             ! on input line 89.
Package caption Info: Begin \AtBeginDocument code.
Package caption Info: subfig package v1.3 is loaded.
Package caption Info: listings package is loaded.
Package caption Info: End \AtBeginDocument code.
\c@lstlisting=\count154
LaTeX Font Info:    Try loading font information for T1+phv on input line 107.

(c:/texlive/2019/texmf-dist/tex/latex/psnfss/t1phv.fd
File: t1phv.fd 2001/06/04 scalable font definitions for T1/phv.
)
LaTeX Font Info:    Try loading font information for U+msa on input line 107.

(c:/texlive/2019/texmf-dist/tex/latex/amsfonts/umsa.fd
File: umsa.fd 2013/01/14 v3.01 AMS symbols A
)
LaTeX Font Info:    Try loading font information for U+msb on input line 107.

(c:/texlive/2019/texmf-dist/tex/latex/amsfonts/umsb.fd
File: umsb.fd 2013/01/14 v3.01 AMS symbols B
)
LaTeX Font Info:    Calculating math sizes for size <9.5> on input line 107.


LaTeX Font Warning: Font shape `OT1/cmr/m/n' in size <9.5> not available
(Font)              size <9> substituted on input line 107.


LaTeX Font Warning: Font shape `OML/cmm/m/it' in size <9.5> not available
(Font)              size <9> substituted on input line 107.


LaTeX Font Warning: Font shape `OMS/cmsy/m/n' in size <9.5> not available
(Font)              size <9> substituted on input line 107.


LaTeX Font Warning: Font shape `T1/phv/m/m' undefined
(Font)              using `T1/phv/m/n' instead on input line 109.

LaTeX Font Info:    Font shape `T1/phv/bx/n' in size <8.5> not available
(Font)              Font shape `T1/phv/b/n' tried instead on input line 115.

Underfull \hbox (badness 3668) in paragraph at lines 126--130
[]\T1/ptm/m/n/9.5 While most of the stud-ies on insect adhe-sion focused
 []


Underfull \hbox (badness 1496) in paragraph at lines 126--130
\T1/ptm/m/n/9.5 on ter-res-trial species, under-wa-ter insect attach-ment is mu
ch
 []


Underfull \hbox (badness 7685) in paragraph at lines 126--130
\T1/ptm/m/n/9.5 rarer and has been rel-a-tively unex-plored. Some aquatic
 []


Underfull \hbox (badness 3907) in paragraph at lines 126--130
\T1/ptm/m/n/9.5 insects like div-ing bee-tles (Chen et al., 2014) or midge
 []


Underfull \hbox (badness 3439) in paragraph at lines 126--130
\T1/ptm/m/n/9.5 larva (Kang et al., 2020) use suc-tion cups to adhere to
 []


Underfull \vbox (badness 10000) has occurred while \output is active []

LaTeX Font Info:    Try loading font information for TS1+phv on input line 130.


(c:/texlive/2019/texmf-dist/tex/latex/psnfss/ts1phv.fd
File: ts1phv.fd 2001/06/04 scalable font definitions for TS1/phv.
)
<COB_Publisher_Logo.pdf, id=1, 64.24pt x 20.075pt>
File: COB_Publisher_Logo.pdf Graphic file (type pdf)
<use COB_Publisher_Logo.pdf>
Package pdftex.def Info: COB_Publisher_Logo.pdf  used on input line 130.
(pdftex.def)             Requested size: 64.23984pt x 20.07494pt.

Underfull \vbox (badness 10000) has occurred while \output is active []


Overfull \vbox (11.7pt too high) has occurred while \output is active []

 [1{c:/texlive/2019/texmf-var/fonts/map/pdftex/updmap/pdftex.map}
Non-PDF special ignored!
<special> papersize=8.5in,11in

 <./COB_Publisher_Logo.pdf>]
<Figure1-Setup_schematic.pdf, id=18, 561.59813pt x 421.575pt>
File: Figure1-Setup_schematic.pdf Graphic file (type pdf)
<use Figure1-Setup_schematic.pdf>
Package pdftex.def Info: Figure1-Setup_schematic.pdf  used on input line 133.
(pdftex.def)             Requested size: 433.62pt x 325.50145pt.
LaTeX Font Info:    Font shape `T1/phv/bx/n' in size <7.5> not available
(Font)              Font shape `T1/phv/b/n' tried instead on input line 138.

Underfull \vbox (badness 10000) has occurred while \output is active []


Overfull \vbox (5.44592pt too high) has occurred while \output is active []


[2 <./Figure1-Setup_schematic.pdf>]
LaTeX Font Info:    Try loading font information for TS1+ptm on input line 182.


(c:/texlive/2019/texmf-dist/tex/latex/psnfss/ts1ptm.fd
File: ts1ptm.fd 2001/06/04 font definitions for TS1/ptm.
)
Underfull \vbox (badness 10000) has occurred while \output is active []


Underfull \vbox (badness 10000) has occurred while \output is active []


Overfull \vbox (5.44592pt too high) has occurred while \output is active []


[3]
Underfull \hbox (badness 2469) in paragraph at lines 286--298
\T1/ptm/m/n/9.5 Standard 20 mm wide glass cover-slips were used as the
 []


Underfull \vbox (badness 10000) has occurred while \output is active []

<Figure2-Expt_effect_of_contact.pdf, id=154, 887.47435pt x 705.64961pt>
File: Figure2-Expt_effect_of_contact.pdf Graphic file (type pdf)
<use Figure2-Expt_effect_of_contact.pdf>
Package pdftex.def Info: Figure2-Expt_effect_of_contact.pdf  used on input line
 321.
(pdftex.def)             Requested size: 252.94499pt x 201.11223pt.

Overfull \hbox (2.05818pt too wide) in paragraph at lines 321--343
[][] 
 []

LaTeX Font Info:    Font shape `T1/phv/m/it' in size <7.5> not available
(Font)              Font shape `T1/phv/m/sl' tried instead on input line 343.
LaTeX Font Info:    Calculating math sizes for size <7.5> on input line 343.

LaTeX Font Warning: Font shape `OT1/cmr/m/n' in size <7.5> not available
(Font)              size <7> substituted on input line 343.


LaTeX Font Warning: Font shape `OT1/cmr/m/n' in size <3.75> not available
(Font)              size <5> substituted on input line 343.


LaTeX Font Warning: Font shape `OML/cmm/m/it' in size <7.5> not available
(Font)              size <7> substituted on input line 343.


LaTeX Font Warning: Font shape `OML/cmm/m/it' in size <3.75> not available
(Font)              size <5> substituted on input line 343.


LaTeX Font Warning: Font shape `OMS/cmsy/m/n' in size <7.5> not available
(Font)              size <7> substituted on input line 343.


LaTeX Font Warning: Font shape `OMS/cmsy/m/n' in size <3.75> not available
(Font)              size <5> substituted on input line 343.


Overfull \vbox (5.44592pt too high) has occurred while \output is active []


[4 <./Figure2-Expt_effect_of_contact.pdf>]
<Figure3-Model_schematic.pdf, id=424, 913.30933pt x 994.59819pt>
File: Figure3-Model_schematic.pdf Graphic file (type pdf)
<use Figure3-Model_schematic.pdf>
Package pdftex.def Info: Figure3-Model_schematic.pdf  used on input line 379.
(pdftex.def)             Requested size: 252.94499pt x 275.45033pt.

Overfull \hbox (2.05818pt too wide) in paragraph at lines 379--386
[][] 
 []


Underfull \hbox (badness 1629) in paragraph at lines 472--473
|   []   |   []   |   []   |   []   |   []   |   []   |   []
 []

LaTeX Font Info:    Font shape `T1/phv/bx/n' in size <8> not available
(Font)              Font shape `T1/phv/b/n' tried instead on input line 496.

Underfull \hbox (badness 10000) in paragraph at lines 496--496

 []


Underfull \hbox (badness 1033) in paragraph at lines 500--518
[]\T1/ptm/m/n/9.5 Geometric param-e-ters and inter-fa-cial prop-er-ties were ke
pt
 []


Underfull \hbox (badness 3954) in paragraph at lines 500--518
\T1/ptm/m/n/9.5 the tarsal adhe-sive fluid to []|   []   |   []   |   []   |   
[]   |   []
 []


Underfull \hbox (badness 1874) in paragraph at lines 500--518
|   []   |   []   |   []   |   []   |   []   |   []   |   []   |   []   |   [] 
  |   []
 []


Underfull \hbox (badness 4144) in paragraph at lines 500--518
|   []   |   []   |   []   |   []   |   []   |   []
 []


Underfull \hbox (badness 5563) in paragraph at lines 500--518
|   []   |   []   [][]|   []   |   []   |   []   |   []   |   []   |   []
 []


Underfull \hbox (badness 3333) in paragraph at lines 500--518
|   []   |   []   |   []   |   []
 []


Underfull \hbox (badness 3179) in paragraph at lines 500--518
|   []   |   []   |   []   |   []   |   []   |   []   |   []   |   []
 []


Overfull \vbox (5.44592pt too high) has occurred while \output is active []


[5 <./Figure3-Model_schematic.pdf>]
Underfull \hbox (badness 1242) in paragraph at lines 563--606
|   []   |   []   |   []   |   []   [][]|   [][][]|   []   |   []   |   []
 []


Underfull \hbox (badness 7221) in paragraph at lines 563--606
|   []   |   []   |   []   [][]|   [][][]|   []   |   []   |   []   |   []   | 
  []
 []

<Figure4a-Single_bridge_fd.pdf, id=618, 609.27625pt x 519.9425pt>
File: Figure4a-Single_bridge_fd.pdf Graphic file (type pdf)
<use Figure4a-Single_bridge_fd.pdf>
Package pdftex.def Info: Figure4a-Single_bridge_fd.pdf  used on input line 609.

(pdftex.def)             Requested size: 216.81pt x 185.0212pt.
<Figure4b-Single_bridge_force_contribution.pdf, id=619, 609.27625pt x 509.905pt
>
File: Figure4b-Single_bridge_force_contribution.pdf Graphic file (type pdf)
<use Figure4b-Single_bridge_force_contribution.pdf>
Package pdftex.def Info: Figure4b-Single_bridge_force_contribution.pdf  used on
 input line 611.
(pdftex.def)             Requested size: 216.81pt x 181.44936pt.

Underfull \hbox (badness 1231) in paragraph at lines 666--671
|   []   |   []   |   []   |   []   |   []   |   []   |   []   |   []   |   [] 
  |   []   |   []
 []

<Figure5-Model_effect_of_substrate.pdf, id=620, 849.97034pt x 473.214pt>
File: Figure5-Model_effect_of_substrate.pdf Graphic file (type pdf)
<use Figure5-Model_effect_of_substrate.pdf>
Package pdftex.def Info: Figure5-Model_effect_of_substrate.pdf  used on input l
ine 731.
(pdftex.def)             Requested size: 433.62pt x 241.42259pt.

Underfull \vbox (badness 10000) has occurred while \output is active []


Overfull \vbox (5.44592pt too high) has occurred while \output is active []


[6]
Underfull \vbox (badness 10000) has occurred while \output is active []

<Figure-8-contact_angle_schematic.pdf, id=627, 569.0058pt x 170.79811pt>
File: Figure-8-contact_angle_schematic.pdf Graphic file (type pdf)
<use Figure-8-contact_angle_schematic.pdf>
Package pdftex.def Info: Figure-8-contact_angle_schematic.pdf  used on input li
ne 764.
(pdftex.def)             Requested size: 252.94499pt x 75.92542pt.

Overfull \hbox (2.05818pt too wide) in paragraph at lines 764--768
[][] 
 []


Underfull \vbox (badness 10000) has occurred while \output is active []


Overfull \vbox (5.44592pt too high) has occurred while \output is active []


[7 <./Figure4a-Single_bridge_fd.pdf> <./Figure4b-Single_bridge_force_contributi
on.pdf

pdfTeX warning: pdflatex.exe (file ./Figure4b-Single_bridge_force_contribution.
pdf): PDF inclusion: multiple pdfs with page group included in a single page
> <./Figure5-Model_effect_of_substrate.pdf

pdfTeX warning: pdflatex.exe (file ./Figure5-Model_effect_of_substrate.pdf): PD
F inclusion: multiple pdfs with page group included in a single page
>]
<Figure7-Model_effect_of_bubble_volume.pdf, id=2037, 718.474pt x 384.89172pt>
File: Figure7-Model_effect_of_bubble_volume.pdf Graphic file (type pdf)
<use Figure7-Model_effect_of_bubble_volume.pdf>
Package pdftex.def Info: Figure7-Model_effect_of_bubble_volume.pdf  used on inp
ut line 824.
(pdftex.def)             Requested size: 252.94499pt x 135.5011pt.

Overfull \hbox (2.05818pt too wide) in paragraph at lines 824--830
[][] 
 []

<Figure6-Model_effect_of_hair_size.pdf, id=2038, 739.3705pt x 384.22923pt>
File: Figure6-Model_effect_of_hair_size.pdf Graphic file (type pdf)
<use Figure6-Model_effect_of_hair_size.pdf>
Package pdftex.def Info: Figure6-Model_effect_of_hair_size.pdf  used on input l
ine 839.
(pdftex.def)             Requested size: 252.94499pt x 131.44528pt.

Overfull \hbox (2.05818pt too wide) in paragraph at lines 839--848
[][] 
 []


Underfull \hbox (badness 3895) in paragraph at lines 861--872
[]\T1/ptm/m/n/9.5 Adhesion force increases with decreas-ing $\OML/cmm/m/it/9 D[
]$ \T1/ptm/m/n/9.5 for both
 []


Overfull \vbox (5.44592pt too high) has occurred while \output is active []


[8 <./Figure-8-contact_angle_schematic.pdf> <./Figure7-Model_effect_of_bubble_v
olume.pdf

pdfTeX warning: pdflatex.exe (file ./Figure7-Model_effect_of_bubble_volume.pdf)
: PDF inclusion: multiple pdfs with page group included in a single page
> <./Figure6-Model_effect_of_hair_size.pdf

pdfTeX warning: pdflatex.exe (file ./Figure6-Model_effect_of_hair_size.pdf): PD
F inclusion: multiple pdfs with page group included in a single page
>]
Underfull \hbox (badness 1418) in paragraph at lines 888--896
[]|   []   |   []   |   []   |   []   |   []   |   []   |   []   |   []
 []


Underfull \hbox (badness 1371) in paragraph at lines 888--896
|   []   |   []   |   []   |   []   |   []   |   []   |   []   |   []   |   [] 
  |   []
 []


Overfull \hbox (18.71153pt too wide) in paragraph at lines 957--965
\T1/ptm/m/n/9.5 ern the lady-bug's adhe-sion and van der Waals []|   [][][]|   
[][],
 []


Underfull \hbox (badness 1540) in paragraph at lines 967--968
[]|   []   |   []   |   []   |   []   |   []   |   []   |   []   |   []   |   [
]
 []


Underfull \hbox (badness 2460) in paragraph at lines 967--968
|   []   |   []   |   []   |   []   |   []   |   []   |   []   |   []
 []


Underfull \hbox (badness 1024) in paragraph at lines 967--968
|   []   |   []   |   []   |   []   |   []   |   []   |   []   |   []   |   []
 []


Underfull \hbox (badness 1102) in paragraph at lines 969--1010
\T1/ptm/m/n/9.5 well to flu-o-ropoly-mer sub-strates (such as PTFE) []|   []
 []


Underfull \hbox (badness 1454) in paragraph at lines 969--1010
[]\T1/ptm/m/n/9.5 . Geckos are thought to rely on van der Waals forces via
 []


Underfull \vbox (badness 10000) has occurred while \output is active []


Overfull \vbox (5.44592pt too high) has occurred while \output is active []


[9]
<Figure-9-Gecko_comparison.pdf, id=2160, 796.94276pt x 338.76137pt>
File: Figure-9-Gecko_comparison.pdf Graphic file (type pdf)
<use Figure-9-Gecko_comparison.pdf>
Package pdftex.def Info: Figure-9-Gecko_comparison.pdf  used on input line 1013
.
(pdftex.def)             Requested size: 252.94499pt x 107.51675pt.

Overfull \hbox (2.05818pt too wide) in paragraph at lines 1013--1028
 [][] 
 []


Underfull \vbox (badness 10000) has occurred while \output is active []


Overfull \vbox (5.44592pt too high) has occurred while \output is active []


[10 <./Figure-9-Gecko_comparison.pdf>]
LaTeX Font Info:    Font shape `T1/phv/m/it' in size <7> not available
(Font)              Font shape `T1/phv/m/sl' tried instead on input line 1082.
 (./manuscript_changed.bbl
LaTeX Font Info:    Font shape `T1/ptm/bx/n' in size <8> not available
(Font)              Font shape `T1/ptm/b/n' tried instead on input line 7.

Underfull \hbox (badness 1365) in paragraph at lines 27--29
\T1/ptm/b/n/8 Spon-berg, S., Kenny, T. W., Fear-ing, R., Israelachvili, J. N. a
nd
 []


Underfull \vbox (badness 10000) has occurred while \output is active []


Underfull \vbox (badness 10000) has occurred while \output is active []


Overfull \vbox (5.44592pt too high) has occurred while \output is active []


[11]) 
AED: lastpage setting LastPage
- LAST -
Extra skip:0.0pt
Left:18.0pt/1.73193pt
Right:18.0pt/1.73193pt
Output:19.0pt

Overfull \vbox (5.44592pt too high) has occurred while \output is active []


[12] (./manuscript_changed.aux)

LaTeX Font Warning: Size substitutions with differences
(Font)              up to 1.25pt have occurred.


LaTeX Font Warning: Some font shapes were not available, defaults substituted.

 ) 
Here is how much of TeX's memory you used:
 8464 strings out of 492623
 117893 string characters out of 6133291
 274086 words of memory out of 5000000
 12136 multiletter control sequences out of 15000+600000
 106273 words of font info for 147 fonts, out of 8000000 for 9000
 1151 hyphenation exceptions out of 8191
 51i,19n,49p,1925b,410s stack positions out of 5000i,500n,10000p,200000b,80000s
{c:/texlive/2019/texmf-dist/fonts/enc/dvips/base/8r.enc}<c:/texlive/2019/texm
f-dist/fonts/type1/public/amsfonts/cm/cmbx9.pfb><c:/texlive/2019/texmf-dist/fon
ts/type1/public/amsfonts/cm/cmmi5.pfb><c:/texlive/2019/texmf-dist/fonts/type1/p
ublic/amsfonts/cm/cmmi6.pfb><c:/texlive/2019/texmf-dist/fonts/type1/public/amsf
onts/cm/cmmi7.pfb><c:/texlive/2019/texmf-dist/fonts/type1/public/amsfonts/cm/cm
mi8.pfb><c:/texlive/2019/texmf-dist/fonts/type1/public/amsfonts/cm/cmmi9.pfb><c
:/texlive/2019/texmf-dist/fonts/type1/public/amsfonts/cm/cmr7.pfb><c:/texlive/2
019/texmf-dist/fonts/type1/public/amsfonts/cm/cmr8.pfb><c:/texlive/2019/texmf-d
ist/fonts/type1/public/amsfonts/cm/cmr9.pfb><c:/texlive/2019/texmf-dist/fonts/t
ype1/public/amsfonts/cm/cmsy9.pfb><c:/texlive/2019/texmf-dist/fonts/type1/publi
c/amsfonts/latxfont/lasy6.pfb><c:/texlive/2019/texmf-dist/fonts/type1/urw/helve
tic/uhvb8a.pfb><c:/texlive/2019/texmf-dist/fonts/type1/urw/helvetic/uhvr8a.pfb>
<c:/texlive/2019/texmf-dist/fonts/type1/urw/helvetic/uhvro8a.pfb><c:/texlive/20
19/texmf-dist/fonts/type1/urw/times/utmb8a.pfb><c:/texlive/2019/texmf-dist/font
s/type1/urw/times/utmr8a.pfb><c:/texlive/2019/texmf-dist/fonts/type1/urw/times/
utmri8a.pfb>
Output written on manuscript_changed.pdf (12 pages, 3740103 bytes).
PDF statistics:
 2300 PDF objects out of 2487 (max. 8388607)
 1551 compressed objects within 16 object streams
 0 named destinations out of 1000 (max. 500000)
 56 words of extra memory for PDF output out of 10000 (max. 10000000)

